[2024-07-12T07:38:42.117373+00:00] database.INFO: Conexión exitosa a MySQL {"host":"localhost","dbname":"pruebaphp"} []
[2024-07-12T07:38:42.173878+00:00] database.INFO: Conexión exitosa a PostgreSQL {"host":"localhost","dbname":"phpbd"} []
[2024-07-12T07:38:48.885575+00:00] database.INFO: Conexión exitosa a MySQL {"host":"localhost","dbname":"pruebaphp"} []
[2024-07-12T07:38:48.938818+00:00] database.INFO: Conexión exitosa a PostgreSQL {"host":"localhost","dbname":"phpbd"} []
[2024-07-12T07:39:06.285487+00:00] database.INFO: Conexión exitosa a MySQL {"host":"localhost","dbname":"pruebaphp"} []
[2024-07-12T07:39:06.338324+00:00] database.INFO: Conexión exitosa a PostgreSQL {"host":"localhost","dbname":"phpbd"} []
[2024-07-12T07:39:06.383776+00:00] database.INFO: Conexión exitosa a MySQL {"host":"localhost","dbname":"pruebaphp"} []
[2024-07-12T07:39:06.443878+00:00] database.INFO: Conexión exitosa a PostgreSQL {"host":"localhost","dbname":"phpbd"} []
[2024-07-12T07:39:21.013112+00:00] database.INFO: Conexión exitosa a MySQL {"host":"localhost","dbname":"pruebaphp"} []
[2024-07-12T07:39:21.071793+00:00] database.INFO: Conexión exitosa a PostgreSQL {"host":"localhost","dbname":"phpbd"} []
[2024-07-12T07:47:09.602395+00:00] database.INFO: Conexión exitosa a MySQL {"host":"localhost","dbname":"pruebaphp"} []
[2024-07-12T07:47:09.716352+00:00] database.INFO: Conexión exitosa a PostgreSQL {"host":"localhost","dbname":"phpbd"} []
[2024-07-12T07:47:11.395445+00:00] database.INFO: Conexión exitosa a MySQL {"host":"localhost","dbname":"pruebaphp"} []
[2024-07-12T07:47:11.478910+00:00] database.INFO: Conexión exitosa a PostgreSQL {"host":"localhost","dbname":"phpbd"} []
[2024-07-12T07:58:06.459724+00:00] database.INFO: Conexión exitosa a MySQL {"host":"localhost","dbname":"pruebaphp"} []
[2024-07-12T07:58:06.539874+00:00] database.INFO: Conexión exitosa a PostgreSQL {"host":"localhost","dbname":"phpbd"} []
[2024-07-12T07:58:09.626545+00:00] database.INFO: Conexión exitosa a MySQL {"host":"localhost","dbname":"pruebaphp"} []
[2024-07-12T07:58:09.716954+00:00] database.INFO: Conexión exitosa a PostgreSQL {"host":"localhost","dbname":"phpbd"} []
[2024-07-12T07:58:45.335293+00:00] database.INFO: Conexión exitosa a MySQL {"host":"localhost","dbname":"pruebaphp"} []
[2024-07-12T07:58:45.397435+00:00] database.INFO: Conexión exitosa a PostgreSQL {"host":"localhost","dbname":"phpbd"} []
[2024-07-12T07:58:48.233612+00:00] database.INFO: Conexión exitosa a MySQL {"host":"localhost","dbname":"pruebaphp"} []
[2024-07-12T07:58:48.353362+00:00] database.INFO: Conexión exitosa a PostgreSQL {"host":"localhost","dbname":"phpbd"} []
[2024-07-12T07:58:48.890496+00:00] database.INFO: Conexión exitosa a MySQL {"host":"localhost","dbname":"pruebaphp"} []
[2024-07-12T07:58:48.943489+00:00] database.INFO: Conexión exitosa a PostgreSQL {"host":"localhost","dbname":"phpbd"} []
[2024-07-12T07:58:51.664085+00:00] database.INFO: Conexión exitosa a MySQL {"host":"localhost","dbname":"pruebaphp"} []
[2024-07-12T07:58:51.722241+00:00] database.INFO: Conexión exitosa a PostgreSQL {"host":"localhost","dbname":"phpbd"} []
[2024-07-12T07:58:59.077620+00:00] database.INFO: Conexión exitosa a MySQL {"host":"localhost","dbname":"pruebaphp"} []
[2024-07-12T07:58:59.136584+00:00] database.INFO: Conexión exitosa a PostgreSQL {"host":"localhost","dbname":"phpbd"} []
[2024-07-12T07:59:00.792159+00:00] database.INFO: Conexión exitosa a MySQL {"host":"localhost","dbname":"pruebaphp"} []
[2024-07-12T07:59:00.842265+00:00] database.INFO: Conexión exitosa a PostgreSQL {"host":"localhost","dbname":"phpbd"} []
[2024-07-12T07:59:02.404690+00:00] database.INFO: Conexión exitosa a MySQL {"host":"localhost","dbname":"pruebaphp"} []
[2024-07-12T07:59:02.456794+00:00] database.INFO: Conexión exitosa a PostgreSQL {"host":"localhost","dbname":"phpbd"} []
[2024-07-12T07:59:05.241920+00:00] database.INFO: Conexión exitosa a MySQL {"host":"localhost","dbname":"pruebaphp"} []
[2024-07-12T07:59:05.314462+00:00] database.INFO: Conexión exitosa a PostgreSQL {"host":"localhost","dbname":"phpbd"} []
[2024-07-12T07:59:05.331186+00:00] database.INFO: Conexión exitosa a MySQL {"host":"localhost","dbname":"pruebaphp"} []
[2024-07-12T07:59:05.337073+00:00] database.INFO: Consulta de tablas ejecutada correctamente [] []
[2024-07-12T07:59:06.436322+00:00] database.INFO: Conexión exitosa a MySQL {"host":"localhost","dbname":"pruebaphp"} []
[2024-07-12T07:59:06.500871+00:00] database.INFO: Conexión exitosa a PostgreSQL {"host":"localhost","dbname":"phpbd"} []
[2024-07-12T07:59:11.159233+00:00] database.INFO: Conexión exitosa a MySQL {"host":"localhost","dbname":"pruebaphp"} []
[2024-07-12T07:59:11.217725+00:00] database.INFO: Conexión exitosa a PostgreSQL {"host":"localhost","dbname":"phpbd"} []
[2024-07-12T07:59:11.268130+00:00] database.INFO: Conexión exitosa a PostgreSQL {"host":"localhost","dbname":"phpbd"} []
[2024-07-12T07:59:11.300740+00:00] database.INFO: Consulta de tablas ejecutada correctamente {"tables":["jugadores","equipos"]} []
[2024-07-12T07:59:12.094003+00:00] database.INFO: Conexión exitosa a MySQL {"host":"localhost","dbname":"pruebaphp"} []
[2024-07-12T07:59:12.142094+00:00] database.INFO: Conexión exitosa a PostgreSQL {"host":"localhost","dbname":"phpbd"} []
[2024-07-12T08:09:33.019289+00:00] database.INFO: Conexión exitosa a MySQL {"host":"localhost","dbname":"pruebaphp"} []
[2024-07-12T08:09:33.074491+00:00] database.INFO: Conexión exitosa a PostgreSQL {"host":"localhost","dbname":"phpbd"} []
[2024-07-12T08:09:36.983633+00:00] database.INFO: Conexión exitosa a MySQL {"host":"localhost","dbname":"pruebaphp"} []
[2024-07-12T08:09:37.034457+00:00] database.INFO: Conexión exitosa a PostgreSQL {"host":"localhost","dbname":"phpbd"} []
[2024-07-12T08:09:58.468953+00:00] database.INFO: Conexión exitosa a MySQL {"host":"localhost","dbname":"pruebaphp"} []
[2024-07-12T08:09:58.527971+00:00] database.INFO: Conexión exitosa a PostgreSQL {"host":"localhost","dbname":"phpbd"} []
[2024-07-12T08:10:02.752939+00:00] database.INFO: Conexión exitosa a MySQL {"host":"localhost","dbname":"pruebaphp"} []
[2024-07-12T08:10:02.806857+00:00] database.INFO: Conexión exitosa a PostgreSQL {"host":"localhost","dbname":"phpbd"} []
[2024-07-12T08:10:16.431116+00:00] database.INFO: Conexión exitosa a MySQL {"host":"localhost","dbname":"pruebaphp"} []
[2024-07-12T08:10:16.484605+00:00] database.INFO: Conexión exitosa a PostgreSQL {"host":"localhost","dbname":"phpbd"} []
[2024-07-12T08:19:18.124418+00:00] database.INFO: Conexión exitosa a MySQL {"host":"localhost","dbname":"pruebaphp"} []
[2024-07-12T08:19:18.171941+00:00] database.INFO: Conexión exitosa a PostgreSQL {"host":"localhost","dbname":"phpbd"} []
[2024-07-12T08:19:21.058275+00:00] database.INFO: Conexión exitosa a MySQL {"host":"localhost","dbname":"pruebaphp"} []
[2024-07-12T08:19:21.112283+00:00] database.INFO: Conexión exitosa a PostgreSQL {"host":"localhost","dbname":"phpbd"} []
[2024-07-12T08:46:54.015996+00:00] database.INFO: Conexión exitosa a MySQL {"host":"localhost","dbname":"pruebaphp"} []
[2024-07-12T08:46:54.067402+00:00] database.INFO: Conexión exitosa a PostgreSQL {"host":"localhost","dbname":"phpbd"} []
[2024-07-12T08:50:08.421662+00:00] database.INFO: Conexión exitosa a MySQL {"host":"localhost","dbname":"pruebaphp"} []
[2024-07-12T08:50:08.475619+00:00] database.INFO: Conexión exitosa a PostgreSQL {"host":"localhost","dbname":"phpbd"} []
[2024-07-12T08:50:10.941020+00:00] database.INFO: Conexión exitosa a MySQL {"host":"localhost","dbname":"pruebaphp"} []
[2024-07-12T08:50:10.994089+00:00] database.INFO: Conexión exitosa a PostgreSQL {"host":"localhost","dbname":"phpbd"} []
[2024-07-12T08:50:14.917265+00:00] database.INFO: Conexión exitosa a MySQL {"host":"localhost","dbname":"pruebaphp"} []
[2024-07-12T08:50:14.968228+00:00] database.INFO: Conexión exitosa a PostgreSQL {"host":"localhost","dbname":"phpbd"} []
[2024-07-12T08:50:14.994101+00:00] database.INFO: Conexión exitosa a MySQL {"host":"localhost","dbname":"pruebaphp"} []
[2024-07-12T08:50:14.996599+00:00] database.INFO: Consulta de tablas ejecutada correctamente [] []
[2024-07-12T08:50:16.075799+00:00] database.INFO: Conexión exitosa a MySQL {"host":"localhost","dbname":"pruebaphp"} []
[2024-07-12T08:50:16.126669+00:00] database.INFO: Conexión exitosa a PostgreSQL {"host":"localhost","dbname":"phpbd"} []
[2024-07-12T08:50:16.174735+00:00] database.INFO: Conexión exitosa a PostgreSQL {"host":"localhost","dbname":"phpbd"} []
[2024-07-12T08:50:16.178810+00:00] database.INFO: Consulta de tablas ejecutada correctamente {"tables":["jugadores","equipos"]} []
[2024-07-12T08:55:51.724528+00:00] database.INFO: Conexión exitosa a MySQL {"host":"localhost","dbname":"pruebaphp"} []
[2024-07-12T08:55:51.783298+00:00] database.INFO: Conexión exitosa a PostgreSQL {"host":"localhost","dbname":"phpbd"} []
[2024-07-12T08:55:51.837423+00:00] database.INFO: Conexión exitosa a PostgreSQL {"host":"localhost","dbname":"phpbd"} []
[2024-07-12T08:55:51.841562+00:00] database.INFO: Consulta de tablas ejecutada correctamente {"tables":["jugadores","equipos"]} []
[2024-07-12T08:55:53.329287+00:00] database.INFO: Conexión exitosa a MySQL {"host":"localhost","dbname":"pruebaphp"} []
[2024-07-12T08:55:53.380821+00:00] database.INFO: Conexión exitosa a PostgreSQL {"host":"localhost","dbname":"phpbd"} []
[2024-07-12T08:55:53.403903+00:00] database.INFO: Conexión exitosa a MySQL {"host":"localhost","dbname":"pruebaphp"} []
[2024-07-12T08:55:53.405426+00:00] database.INFO: Consulta de tablas ejecutada correctamente [] []
[2024-07-12T08:55:54.132888+00:00] database.INFO: Conexión exitosa a MySQL {"host":"localhost","dbname":"pruebaphp"} []
[2024-07-12T08:55:54.186540+00:00] database.INFO: Conexión exitosa a PostgreSQL {"host":"localhost","dbname":"phpbd"} []
[2024-07-12T08:55:54.236259+00:00] database.INFO: Conexión exitosa a PostgreSQL {"host":"localhost","dbname":"phpbd"} []
[2024-07-12T08:55:54.240219+00:00] database.INFO: Consulta de tablas ejecutada correctamente {"tables":["jugadores","equipos"]} []
[2024-07-15T07:15:35.863459+00:00] database.INFO: Conexión exitosa a MySQL {"host":"localhost","dbname":"pruebaphp"} []
[2024-07-15T07:15:35.957043+00:00] database.INFO: Conexión exitosa a PostgreSQL {"host":"localhost","dbname":"phpbd"} []
[2024-07-15T07:17:50.689588+00:00] database.INFO: Conexión exitosa a MySQL {"host":"localhost","dbname":"pruebaphp"} []
[2024-07-15T07:17:50.788848+00:00] database.INFO: Conexión exitosa a PostgreSQL {"host":"localhost","dbname":"phpbd"} []
[2024-07-15T07:17:52.347787+00:00] database.INFO: Conexión exitosa a MySQL {"host":"localhost","dbname":"pruebaphp"} []
[2024-07-15T07:17:52.406888+00:00] database.INFO: Conexión exitosa a PostgreSQL {"host":"localhost","dbname":"phpbd"} []
[2024-07-15T07:17:55.256351+00:00] database.INFO: Conexión exitosa a MySQL {"host":"localhost","dbname":"pruebaphp"} []
[2024-07-15T07:17:55.329298+00:00] database.INFO: Conexión exitosa a PostgreSQL {"host":"localhost","dbname":"phpbd"} []
[2024-07-15T07:17:58.509638+00:00] database.INFO: Conexión exitosa a MySQL {"host":"localhost","dbname":"pruebaphp"} []
[2024-07-15T07:17:58.602442+00:00] database.INFO: Conexión exitosa a PostgreSQL {"host":"localhost","dbname":"phpbd"} []
[2024-07-15T07:22:45.437191+00:00] database.INFO: Conexión exitosa a MySQL {"host":"localhost","dbname":"pruebaphp"} []
[2024-07-15T07:22:45.448357+00:00] database.INFO: Consulta de tablas ejecutada correctamente [] []
[2024-07-15T07:22:47.896207+00:00] database.INFO: Conexión exitosa a MySQL {"host":"localhost","dbname":"pruebaphp"} []
[2024-07-15T07:22:47.910911+00:00] database.INFO: Acceso a registros de la tabla realizado correctamente {"table":"cliente"} []
[2024-07-15T07:23:01.101600+00:00] database.INFO: Conexión exitosa a MySQL {"host":"localhost","dbname":"pruebaphp"} []
[2024-07-15T07:23:01.104241+00:00] database.INFO: Acceso a registros de la tabla realizado correctamente {"table":"coches"} []
[2024-07-15T07:23:54.308733+00:00] database.INFO: Conexión exitosa a PostgreSQL {"host":"localhost","dbname":"phpbd"} []
[2024-07-15T07:23:54.372916+00:00] database.INFO: Consulta de tablas ejecutada correctamente {"tables":["jugadores","equipos"]} []
[2024-07-15T07:23:56.972198+00:00] database.INFO: Conexión exitosa a PostgreSQL {"host":"localhost","dbname":"phpbd"} []
[2024-07-15T07:23:56.982616+00:00] database.INFO: Acceso a registros de la tabla realizado correctamente {"table":"jugadores"} []
[2024-07-15T07:24:03.443083+00:00] database.INFO: Conexión exitosa a PostgreSQL {"host":"localhost","dbname":"phpbd"} []
[2024-07-15T07:24:03.449768+00:00] database.INFO: Acceso a registros de la tabla realizado correctamente {"table":"equipos"} []
[2024-07-15T07:28:32.215930+00:00] database.INFO: Conexión exitosa a MySQL {"host":"localhost","dbname":"pruebaphp"} []
[2024-07-15T07:28:32.219331+00:00] database.INFO: Consulta de tablas ejecutada correctamente [] []
[2024-07-15T07:28:32.807336+00:00] database.INFO: Conexión exitosa a PostgreSQL {"host":"localhost","dbname":"phpbd"} []
[2024-07-15T07:28:32.817299+00:00] database.INFO: Consulta de tablas ejecutada correctamente {"tables":["jugadores","equipos"]} []
[2024-07-15T08:45:00.359909+00:00] database.INFO: Conexión exitosa a MySQL {"host":"localhost","dbname":"pruebaphp"} []
[2024-07-15T08:45:00.365337+00:00] database.INFO: Consulta de tablas ejecutada correctamente [] []
[2024-07-15T08:45:01.694839+00:00] database.INFO: Conexión exitosa a MySQL {"host":"localhost","dbname":"pruebaphp"} []
[2024-07-15T08:45:01.700543+00:00] database.INFO: Acceso a registros de la tabla realizado correctamente {"table":"cliente"} []
[2024-07-15T08:45:04.215029+00:00] database.INFO: Conexión exitosa a MySQL {"host":"localhost","dbname":"pruebaphp"} []
[2024-07-15T08:45:04.220777+00:00] database.INFO: Acceso a registros de la tabla realizado correctamente {"table":"coches"} []
[2024-07-15T08:49:37.900596+00:00] database.INFO: Conexión exitosa a PostgreSQL {"host":"localhost","dbname":"phpbd"} []
[2024-07-15T08:49:37.911533+00:00] database.INFO: Consulta de tablas ejecutada correctamente {"tables":["jugadores","equipos"]} []
[2024-07-15T08:49:38.662060+00:00] database.INFO: Conexión exitosa a MySQL {"host":"localhost","dbname":"pruebaphp"} []
[2024-07-15T08:49:38.667892+00:00] database.INFO: Consulta de tablas ejecutada correctamente [] []
[2024-07-15T08:49:46.200155+00:00] database.INFO: Conexión exitosa a PostgreSQL {"host":"localhost","dbname":"phpbd"} []
[2024-07-15T08:49:46.206365+00:00] database.INFO: Consulta de tablas ejecutada correctamente {"tables":["jugadores","equipos"]} []
